<?xml version="1.0" encoding="UTF-8"?>
<!-- Generated by org.testng.reporters.JUnitReportReporter -->
<testsuite skipped="0" hostname="LAPTOP-PG4VV18E" name="practice.RemoteDriver" tests="1" failures="0" timestamp="16 Jan 2020 10:00:43 GMT" time="4.125" errors="0">
  <testcase name="openBrowser" time="4.125" classname="practice.RemoteDriver"/>
</testsuite> <!-- practice.RemoteDriver -->
